
> design-system-demo@0.1.0 build-storybook
> storybook build --output-dir=/var/folders/jw/zwfgqc193td73lhqy025pvxw0000gn/T/chromatic--782-26KNYxkYzONz


â”Œ  Building storybook v10.1.11
â”‚
â—‡  Cleaning outputDir:
â”‚  ../../../../../var/folders/jw/zwfgqc193td73lhqy025pvxw0000gn/T/chromatic--782-26KNYxkYzONz
â”‚
â—‡  Loading presets
â”‚
â—‡  Building manager..
â”‚
â–²  unable to find package.json for ast-types
â”‚
â—  Building preview..
â”‚
â–²  No story files found for the specified pattern: src/**/*.mdx
â”‚  Vite vite v7.3.1 building client environment for production...
â”‚  Vite transforming...
â”‚
â—  Copying static files: public at
â”‚  ../../../../../var/folders/jw/zwfgqc193td73lhqy025pvxw0000gn/T/chromatic--782-26KNYxkYzONz
â”‚
â–²  Vite src/components/cards/audio-card-web.tsx (1:0): Error when using
â”‚  sourcemap for reporting an error: Can't resolve original location of
â”‚  error.
â”‚
â–²  Vite src/components/cards/audio-card-web.tsx (1:0): Module level
â”‚  directives cause errors when bundled, "use client" in
â”‚  "src/components/cards/audio-card-web.tsx" was ignored.
â”‚
â–²  Vite src/components/cards/practice-card.tsx (1:0): Error when using
â”‚  sourcemap for reporting an error: Can't resolve original location of
â”‚  error.
â”‚
â–²  Vite src/components/cards/practice-card.tsx (1:0): Module level
â”‚  directives cause errors when bundled, "use client" in
â”‚  "src/components/cards/practice-card.tsx" was ignored.
â”‚
â–²  Vite src/components/ui/button.tsx (1:0): Error when using sourcemap
â”‚  for reporting an error: Can't resolve original location of error.
â”‚
â–²  Vite src/components/ui/button.tsx (1:0): Module level directives cause
â”‚  errors when bundled, "use client" in "src/components/ui/button.tsx"
â”‚  was ignored.
â”‚
â–²  Vite src/components/illustrations/illustration.tsx (1:0): Error when
â”‚  using sourcemap for reporting an error: Can't resolve original
â”‚  location of error.
â”‚
â–²  Vite src/components/illustrations/illustration.tsx (1:0): Module level
â”‚  directives cause errors when bundled, "use client" in
â”‚  "src/components/illustrations/illustration.tsx" was ignored.
â”‚
â–²  Vite src/components/ui/palette-showcase.tsx (1:0): Error when using
â”‚  sourcemap for reporting an error: Can't resolve original location of
â”‚  error.
â”‚
â–²  Vite src/components/ui/palette-showcase.tsx (1:0): Module level
â”‚  directives cause errors when bundled, "use client" in
â”‚  "src/components/ui/palette-showcase.tsx" was ignored.
â”‚
â–²  Vite src/components/cards/horizontal-card-web.tsx (1:0): Error when
â”‚  using sourcemap for reporting an error: Can't resolve original
â”‚  location of error.
â”‚
â–²  Vite src/components/cards/horizontal-card-web.tsx (1:0): Module level
â”‚  directives cause errors when bundled, "use client" in
â”‚  "src/components/cards/horizontal-card-web.tsx" was ignored.
â”‚
â–²  Vite src/components/ui/badge.tsx (1:0): Error when using sourcemap for
â”‚  reporting an error: Can't resolve original location of error.
â”‚
â–²  Vite src/components/ui/badge.tsx (1:0): Module level directives cause
â”‚  errors when bundled, "use client" in "src/components/ui/badge.tsx" was
â”‚  ignored.
â”‚
â–²  Vite src/components/icons/icon.tsx (1:0): Error when using sourcemap
â”‚  for reporting an error: Can't resolve original location of error.
â”‚
â–²  Vite src/components/icons/icon.tsx (1:0): Module level directives
â”‚  cause errors when bundled, "use client" in
â”‚  "src/components/icons/icon.tsx" was ignored.
â”‚  Vite âœ“ 2506 modules transformed.
â”‚  Vite rendering chunks...
â”‚  Vite computing gzip size...
â”‚  Vite
â”‚  ../../../../../var/folders/jw/zwfgqc193td73lhqy025pvxw0000gn/T/chromatic--782-26KNYxkYzONz/iframe.html
â”‚  18.16 kB â”‚ gzip:   5.10 kB
â”‚  Vite
â”‚  ../../../../../var/folders/jw/zwfgqc193td73lhqy025pvxw0000gn/T/chromatic--782-26KNYxkYzONz/assets/iframe-_xEC4eWo.css
â”‚  24.97 kB â”‚ gzip:   5.24 kB
â”‚  Vite
â”‚  ../../../../../var/folders/jw/zwfgqc193td73lhqy025pvxw0000gn/T/chromatic--782-26KNYxkYzONz/assets/jsx-runtime-DyMYXTzQ.js
â”‚  0.07 kB â”‚ gzip:   0.08 kB
â”‚  Vite
â”‚  ../../../../../var/folders/jw/zwfgqc193td73lhqy025pvxw0000gn/T/chromatic--782-26KNYxkYzONz/assets/formatter-QJ4M4OGQ-LqinmW35.js
â”‚  0.32 kB â”‚ gzip:   0.25 kB
â”‚  Vite
â”‚  ../../../../../var/folders/jw/zwfgqc193td73lhqy025pvxw0000gn/T/chromatic--782-26KNYxkYzONz/assets/index-BoWugyWX.js
â”‚  0.46 kB â”‚ gzip:   0.30 kB
â”‚  Vite
â”‚  ../../../../../var/folders/jw/zwfgqc193td73lhqy025pvxw0000gn/T/chromatic--782-26KNYxkYzONz/assets/createLucideIcon-Cs4huLs9.js
â”‚  0.87 kB â”‚ gzip:   0.53 kB
â”‚  Vite
â”‚  ../../../../../var/folders/jw/zwfgqc193td73lhqy025pvxw0000gn/T/chromatic--782-26KNYxkYzONz/assets/react-18-BZST2v1A.js
â”‚  0.90 kB â”‚ gzip:   0.51 kB
â”‚  Vite
â”‚  ../../../../../var/folders/jw/zwfgqc193td73lhqy025pvxw0000gn/T/chromatic--782-26KNYxkYzONz/assets/index-DIluthaw.js
â”‚  0.95 kB â”‚ gzip:   0.50 kB
â”‚  Vite
â”‚  ../../../../../var/folders/jw/zwfgqc193td73lhqy025pvxw0000gn/T/chromatic--782-26KNYxkYzONz/assets/preload-helper-PPVm8Dsz.js
â”‚  1.23 kB â”‚ gzip:   0.71 kB
â”‚  Vite
â”‚  ../../../../../var/folders/jw/zwfgqc193td73lhqy025pvxw0000gn/T/chromatic--782-26KNYxkYzONz/assets/badge-C9zOQXOv.js
â”‚  1.83 kB â”‚ gzip:   1.00 kB
â”‚  Vite
â”‚  ../../../../../var/folders/jw/zwfgqc193td73lhqy025pvxw0000gn/T/chromatic--782-26KNYxkYzONz/assets/button-play-pause-BKqiAF81.js
â”‚  2.98 kB â”‚ gzip:   1.36 kB
â”‚  Vite
â”‚  ../../../../../var/folders/jw/zwfgqc193td73lhqy025pvxw0000gn/T/chromatic--782-26KNYxkYzONz/assets/button-DKkJMQrM.js
â”‚  5.30 kB â”‚ gzip:   1.81 kB
â”‚  Vite
â”‚  ../../../../../var/folders/jw/zwfgqc193td73lhqy025pvxw0000gn/T/chromatic--782-26KNYxkYzONz/assets/Badge.stories-Bd-JoniT.js
â”‚  5.69 kB â”‚ gzip:   1.38 kB
â”‚  Vite
â”‚  ../../../../../var/folders/jw/zwfgqc193td73lhqy025pvxw0000gn/T/chromatic--782-26KNYxkYzONz/assets/ButtonExpand.stories-B09CP_pH.js
â”‚  6.11 kB â”‚ gzip:   2.27 kB
â”‚  Vite
â”‚  ../../../../../var/folders/jw/zwfgqc193td73lhqy025pvxw0000gn/T/chromatic--782-26KNYxkYzONz/assets/Button.stories-C2SDJJii.js
â”‚  6.61 kB â”‚ gzip:   1.68 kB
â”‚  Vite
â”‚  ../../../../../var/folders/jw/zwfgqc193td73lhqy025pvxw0000gn/T/chromatic--782-26KNYxkYzONz/assets/ButtonPlayPause.stories-CTpL8Qu4.js
â”‚  7.62 kB â”‚ gzip:   1.68 kB
â”‚  Vite
â”‚  ../../../../../var/folders/jw/zwfgqc193td73lhqy025pvxw0000gn/T/chromatic--782-26KNYxkYzONz/assets/icon-p258YVRc.js
â”‚  8.33 kB â”‚ gzip:   2.21 kB
â”‚  Vite
â”‚  ../../../../../var/folders/jw/zwfgqc193td73lhqy025pvxw0000gn/T/chromatic--782-26KNYxkYzONz/assets/ButtonGroup.stories-RipGEQ0n.js
â”‚  11.55 kB â”‚ gzip:   3.10 kB
â”‚  Vite
â”‚  ../../../../../var/folders/jw/zwfgqc193td73lhqy025pvxw0000gn/T/chromatic--782-26KNYxkYzONz/assets/Illustration.stories-ysJMHdep.js
â”‚  12.97 kB â”‚ gzip:   3.57 kB
â”‚  Vite
â”‚  ../../../../../var/folders/jw/zwfgqc193td73lhqy025pvxw0000gn/T/chromatic--782-26KNYxkYzONz/vite-inject-mocker-entry.js
â”‚  28.30 kB â”‚ gzip:   9.84 kB
â”‚  Vite
â”‚  ../../../../../var/folders/jw/zwfgqc193td73lhqy025pvxw0000gn/T/chromatic--782-26KNYxkYzONz/assets/matchers-DMFSMG2O-HJu_DfWo.js
â”‚  29.23 kB â”‚ gzip:  10.06 kB
â”‚  Vite
â”‚  ../../../../../var/folders/jw/zwfgqc193td73lhqy025pvxw0000gn/T/chromatic--782-26KNYxkYzONz/assets/Color-ASIRERSW-XOzEsoG9.js
â”‚  29.99 kB â”‚ gzip:  11.40 kB
â”‚  Vite
â”‚  ../../../../../var/folders/jw/zwfgqc193td73lhqy025pvxw0000gn/T/chromatic--782-26KNYxkYzONz/assets/AudioCardWeb.stories-DCYfRQlu.js
â”‚  32.76 kB â”‚ gzip:   4.75 kB
â”‚  Vite
â”‚  ../../../../../var/folders/jw/zwfgqc193td73lhqy025pvxw0000gn/T/chromatic--782-26KNYxkYzONz/assets/WithTooltip-IO6J4KBT-Bw7Uocyk.js
â”‚  33.14 kB â”‚ gzip:  11.68 kB
â”‚  Vite
â”‚  ../../../../../var/folders/jw/zwfgqc193td73lhqy025pvxw0000gn/T/chromatic--782-26KNYxkYzONz/assets/PracticeCard.stories-Db5rK4pE.js
â”‚  37.42 kB â”‚ gzip:   5.87 kB
â”‚  Vite
â”‚  ../../../../../var/folders/jw/zwfgqc193td73lhqy025pvxw0000gn/T/chromatic--782-26KNYxkYzONz/assets/HorizontalCardWeb.stories-B8JKrC2f.js
â”‚  51.23 kB â”‚ gzip:   6.25 kB
â”‚  Vite
â”‚  ../../../../../var/folders/jw/zwfgqc193td73lhqy025pvxw0000gn/T/chromatic--782-26KNYxkYzONz/assets/syntaxhighlighter-IQDEPFLK-Cw4Z30EC.js
â”‚  77.98 kB â”‚ gzip:  27.36 kB
â”‚  Vite
â”‚  ../../../../../var/folders/jw/zwfgqc193td73lhqy025pvxw0000gn/T/chromatic--782-26KNYxkYzONz/assets/PaletteShowcase.stories-D8sFe5g_.js
â”‚  327.42 kB â”‚ gzip:  99.96 kB
â”‚  Vite
â”‚  ../../../../../var/folders/jw/zwfgqc193td73lhqy025pvxw0000gn/T/chromatic--782-26KNYxkYzONz/assets/axe-C3wDqPhV.js
â”‚  579.41 kB â”‚ gzip: 159.47 kB
â”‚  Vite
â”‚  ../../../../../var/folders/jw/zwfgqc193td73lhqy025pvxw0000gn/T/chromatic--782-26KNYxkYzONz/assets/DocsRenderer-GHJI37HO-CQ_8OoQs.js
â”‚  801.89 kB â”‚ gzip: 256.60 kB
â”‚  Vite
â”‚  ../../../../../var/folders/jw/zwfgqc193td73lhqy025pvxw0000gn/T/chromatic--782-26KNYxkYzONz/assets/iframe-CURW-Rtj.js
â”‚  1,393.90 kB â”‚ gzip: 403.42 kB
â”‚
â–²  Vite
â”‚  (!) Some chunks are larger than 500 kB after minification. Consider:
â”‚  - Using dynamic import() to code-split the application
â”‚  - Use build.rollupOptions.output.manualChunks to improve chunking:
â”‚  ]8;;https://rollupjs.org/configuration-options/#output-manualchunkshttps://rollupjs.org/configuration-options/#output-manualchunks]8;;
â”‚  - Adjust chunk size limit for this warning via
â”‚  build.chunkSizeWarningLimit.
â”‚  Vite âœ“ built in 6.10s
â”‚
â—‡  Output directory:
â”‚  /var/folders/jw/zwfgqc193td73lhqy025pvxw0000gn/T/chromatic--782-26KNYxkYzONz
â”‚
â””  Storybook build completed successfully

